
ROM used:   10546/32768 (32%)
            10546/32768 (32%) including unused fragments

            4.7 Average locations per line
            17.1 Average locations per statement

RAM used:   66/2048 (3%) at main() level
            116/2048 (6%) worst case

Stack used: 7 worst case (7 in main + 0 for interrupts)
Stack size: 31

Lines Stmts  %   Files
----- ----- ---  -----
  250    97  16  main.c
  837     0   0  C:\Program Files\PICC\Devices\18F4550.h
  262    73  12  lcd.c
   57    23   4  ds1307.c
   12     2   0  conversion.c
  358   135  22  ds1820.c
  465   285  46  functions.c
----- -----
 2241   615 Total

Page ROM  %  RAM    Vol Diff  Functions:
---- --- --- ---    --- ----  ----------
0     40   0    1             @delay_ms1
0     32   0    1             @delay_us1
0     20   0    0             @const650
0     88   0    0             @const653
0     70   0    1    328  2.7  lcd_send_nibble
0     50   0    1    362  2.3  lcd_read_nibble
0     36   0    3    165  3.3  lcd_read_byte
0     66   0    3    319  4.1  lcd_send_byte
0     78   0    2    384  4.4  lcd_init
0     34   0    4    186  5.5  lcd_gotoxy
0     66   0    1    275  3.9  lcd_putc
0     48   0    2    175  3.6  lcd_init_custom_chars
0    104   0    3             @I2C_READ_2
0    108   1    1             @I2C_WRITE_2
0    220   1    5    361  5.0  write_DS1307
0    144   1    2    172  2.4  read_DS1307
0     40   0    2     74  3.1  decToBcd
0     40   0    3             @DIV88
0     26   0    2     74  3.1  bcdToDec
0    272   1    0             @const711
0     54   0    2    165  2.2  ow_reset
0     38   0    0    102  1.7  read_bit
0     30   0    1    132  2.2  write_bit
0     56   0    2    206  5.2  read_byte
0     58   0    3    223  4.5  write_byte
0     18   0    2     59  3.1  ow_crc
0    282   1   11   1670 11.4  Next
0     12   0    0     56  1.9  First
0    112   1    5    338  6.4  FindDevices
0     82   0    3    199  4.5  Send_MatchRom
0    574   3   27   1401  9.8  ds1820_read
0     54   0    2             @ITOF
0    242   1   11             @MULFF
0    618   3   16             @ADDFF
0     96   0    1    255  3.2  getButton
0     26   0    0     67  1.2  beep
0     68   0    4    134  1.7  print_aqua_temp
0     64   0    5             @FTOSD
0    142   1   13             @DIV3232
0    386   2   13             @PRINTF_L32D_676FPFPF
0     68   0    4    134  1.7  print_room_temp
0     56   0    0    100  1.6  print_time
0    182   1    6             @PRINTF_D_676
0     74   0    0    143  1.7  print_menubar
0      2   0    0             @const792
0     32   0    2             @PSTRINGC_676
0      4   0    0             @const794
0      2   0    0             @const795
0    550   3   11   1119  4.8  SetSensors
0      2   0    0             @const800
0     12   0    0             @const804
0     12   0    0             @const805
0    214   1    3    619  6.6  SetTemperature
0      2   0    0             @const809
0     14   0    0             @const810
0     30   0    3             @PSTRINGCN_676
0    102   0    2             @PRINTF_U_676
0    156   1    3    606  8.4  menu_hour
0      2   0    0             @const819
0     14   0    0             @const820
0    156   1    3    606  8.4  menu_minute
0      2   0    0             @const824
0     12   0    0             @const825
0    156   1    3    606  8.4  menu_sec
0      2   0    0             @const829
0     12   0    0             @const830
0     62   0    1    108  1.7  read_time
0    118   1    1    245  1.8  set_time
0   2066  10    4   4844  7.9  change_menu
0     12   0    0             @const834
0      2   0    0             @const835
0     14   0    0             @const836
0      2   0    0             @const837
0     16   0    0             @const838
0     18   0    0             @const839
0      2   0    0             @const840
0     18   0    0             @const841
0     18   0    0             @const842
0      2   0    0             @const843
0     14   0    0             @const844
0     28   0    0             @const845
0      2   0    0             @const846
0     14   0    0             @const847
0     28   0    0             @const848
0      2   0    0             @const849
0      8   0    0             @const850
0     18   0    0             @const851
0      2   0    0             @const852
0     10   0    0             @const853
0      2   0    0             @const854
0     16   0    0             @const855
0      2   0    0             @const856
0     44   0    0             @goto11450
0   1334   6   19   3675  8.5  MAIN
0      2   0    0             @const867
0     22   0    0             @const868
0     22   0    0             @const869
0    118   1   10             @FLT
0      2   0    0             @const874
0      2   0    0             @const875
0      2   0    0             @const876
0     30   0    5             @MUL1616
0      2   0    0             @const880
0      2   0    0             @const881
 Inline         0             @cinit1

Program metrics:
    Functions               38
    Statements              615
    Comments                555
    Volume (V)              35268
    Difficulty (D)          160.6
    Effort to implement (E) 5663043
    Time to implement (T)   87 hours, 24 minutes
    Est Delivered Bugs (B)  11
    Cyclomatic Complexity   97
    Maintainability (MI)    72

 Segment     Used  Free
-----------  ----  ----
00000-00002     4  0  
00004-07FFE  10542  22222  



