
ROM used:   7170/8192 (88%)
            7217/8192 (88%) including unused fragments

            2.8 Average locations per line
            10.4 Average locations per statement

RAM used:   54/368 (15%) at main() level
            86/368 (23%) worst case

Stack used: 7 worst case (6 in main + 1 for interrupts)
Stack size: 8

Lines Stmts  %   Files
----- ----- ---  -----
  330   111  16  aqua3.c
   13     0   0  aqua3.h
  672     0   0  C:\Program Files (x86)\PICC\Devices\16F877A.h
  261    73  11  drv\lcd.c
   57    23   3  drv\ds1307.c
   12     2   0  conversion.c
  699   152  22  drv\ds1820.c
  228   104  15  functions.c
  329   222  32  menu.c
----- -----
 2601   687 Total

Page ROM  %  RAM    Vol Diff  Functions:
---- --- --- ---    --- ----  ----------
0     20   0    1             @delay_ms1
 Inline         1             @delay_us1
0      8   0    0             @const642
0     76   1    0             @const645
 Inline         1    328  2.7  lcd_send_nibble
 Inline         1    362  2.3  lcd_read_nibble
 Inline         3    165  3.3  lcd_read_byte
0    236   3    3    319  4.1  lcd_send_byte
0    144   2    2    384  4.4  lcd_init
0     18   0    4    186  5.5  lcd_gotoxy
0     36   1    1    275  3.9  lcd_putc
0     25   0    2    175  3.6  lcd_init_custom_chars
 Inline         3             @I2C_READ_3
0     70   1    1             @I2C_WRITE_3
1    136   2    5    361  5.0  write_DS1307
1    158   2    2    172  2.4  read_DS1307
 Inline         2     74  3.1  decToBcd
 Inline         3             @DIV88
 Inline         3    101  0.7  bcdToDec
1     37   1    2             @MUL88
 Inline         2    176  2.3  DS1820_Reset
 Inline         1    158  2.2  DS1820_ReadBit
 Inline         1    147  2.2  DS1820_WriteBit
 Inline         2    216  5.2  DS1820_ReadByte
 Inline         3    199  4.5  DS1820_WriteByte
 Inline         3    206  5.2  DS1820_AddrDevice
0    339   5    9   1869 13.0  DS1820_FindNextDevice
0      5   0    0     59  1.9  DS1820_FindFirstDevice
 Inline        16   1169 11.5  DS1820_GetTempRaw
 Inline         5             @DIV1616
1   1039  14    4     48  2.1  DS1820_GetTempFloat
0     29   0    2             @ITOF
 Inline        14             @DIVFF
2     21   0    5             @MUL1616
0     15   0    1     90  1.7  beep
0    107   1    1    723  5.3  getButton
 Inline         4    254  3.0  print_aqua_temp
1     63   1   10             @FLT
 Inline        13             @MULFF
 Inline         5             @FTOSD
 Inline        13             @DIV3232
1    503   7   13             @PRINTF_L32D_669FPFPF
0      4   0    0             @const787
0     86   1    4             @PSTRINGC7_669
 Inline         0    110  1.6  print_time
0    126   2    6             @PRINTF_D0_669
1     92   1    1    174  1.8  read_time
 Inline         1    245  1.8  set_time
0    205   3    0    282  1.9  default_set
3    312   4    0    797  4.3  print_desktop
0     37   1    0    143  1.7  print_menubar
0      1   0    0             @const812
0      2   0    0             @const813
0      1   0    0             @const814
 Inline         3    619  6.6  SetTemperature
0      1   0    0             @const818
0      7   0    0             @const819
0     87   1    5             @PSTRINGCN7_669
 Inline         2             @PRINTF_U_669
0     75   1    3    578  8.4  menu_hour
0      1   0    0             @const828
0      8   0    0             @const829
 Inline         3    578  8.4  menu_minute
0      1   0    0             @const833
0      7   0    0             @const834
 Inline         3    578  8.4  menu_sec
0      1   0    0             @const838
0      7   0    0             @const839
2   1989  28    2   5175  8.4  change_menu
0      6   0    0             @const841
0      1   0    0             @const842
0      7   0    0             @const843
0      1   0    0             @const844
0      8   0    0             @const845
0     10   0    0             @const846
0      1   0    0             @const847
0      9   0    0             @const848
0     10   0    0             @const849
0      1   0    0             @const850
0      8   0    0             @const851
0     17   0    0             @const852
0      1   0    0             @const853
0      6   0    0             @const854
0     16   0    0             @const855
0      1   0    0             @const856
0      4   0    0             @const857
0     11   0    0             @const858
0      1   0    0             @const859
0      4   0    0             @const860
0      4   0    0             @const861
0      1   0    0             @const862
2     12   0    0             @goto11574
0      5   0    0     12  0.8  clock_isr
3    761  11    6   3800 11.1  MAIN
0     11   0    0             @const870
0     16   0    0             @const871
0     13   0    0             @const872
0     10   0    0             @const873
 Inline         0             @cinit1

Program metrics:
    Functions               38
    Statements              687
    Comments                800
    Volume (V)              36285
    Difficulty (D)          162.2
    Effort to implement (E) 5886318
    Time to implement (T)   90 hours, 50 minutes
    Est Delivered Bugs (B)  11
    Cyclomatic Complexity   106
    Maintainability (MI)    125

 Segment     Used  Free
-----------  ----  ----
00000-00003     4  0  
00004-0004E    75  0  
0004F-007FF  1968  1  
00800-00FFF  2028  20  
01000-017FF  2022  26  
01800-01FFF  1073  975  



